{"uuid":"24f91cbf-c82a-4b9e-a57e-4625c2ed9472","name":"testSuites.web.Tao_Luong_Phe_Duyet","children":["1147e3d4-8d46-4bdc-b4b0-919d40e871ce","103a2e2a-7d29-4aa3-8903-110c7891992d","6281b3a5-6c50-4df0-9a6e-9f5d9227a8c3","594d96b9-288a-4a6f-ad90-69a1e66e2b6b","927a579b-5124-44db-bf8c-8ec226f27497","9632925c-09a5-4f81-9f7b-7f3ddb595597","07bf7ae1-6536-40d6-8698-0deca0ea1560","5f746d42-207f-4df0-a4a6-2a047b947211","da6ea5eb-4f3f-48cb-8fe9-11e52f54b2d1","bce374f2-620b-40eb-8391-7efb89452c23","d5fb3fa3-6927-4177-9e4f-c67578b7baba","f1914e77-724b-492c-b777-b3e845ac7a5c","2f8d0b09-9624-4788-9608-458645b692da","89aa211a-d999-4594-b6be-95977289a33c","1807696e-5993-4766-9038-24f643ffb741","992cb2fe-07ba-4273-bc36-ce8247ec30ad","19bb0528-91a5-4a43-8935-2c3cf589572c","fa5800c8-1f65-43a8-a153-c226b3c0ccc9","e082788e-4a4a-43e7-86a1-23d2f9ab3668","89c33928-149f-40f3-a9c5-07015e27e594","a210f9f4-8580-4bd3-9b33-23c9cf079e66","312a0f47-c8a9-41e6-9177-7c0d3b9544b1","c5ad1059-4501-4207-b166-ccdcaa49408d","8f8a41b6-70f4-493b-a81e-0d92ac631a34","563232cd-3740-4404-b444-63ef8da1bcef","c5e8a77d-d6e5-4ddc-bb95-c6ea7216e60a","68d76a3d-be65-436c-81a9-5f9eda4ac730","3878ed16-4d3f-41d5-aa65-c772217eef3b","0925b838-de2d-4161-ae60-1a98c0ac02f4","d8252f59-3efc-4f08-a3ac-978ce3a2444f","2c24ad00-2e90-4eae-bcbc-528f6668ca9d","05dd8648-fe1a-4a98-a25f-ce3cd9e48410","79f97cea-5a51-416d-a94f-d7c53baf116f","8b47457a-8dfa-4356-a933-c7f516b20e10","b9c5cfb4-3b42-4f54-9c65-5d688753b0e1","6f2099ad-d767-4447-a746-de04821f663f"],"befores":[{"name":"beforeClass","status":"broken","statusDetails":{"known":false,"muted":false,"flaky":false,"message":"Expected condition failed: waiting for visibility of element located by By.xpath: //p[contains(text(),'Tên đăng nhập')]/following-sibling::mat-form-field//input (tried for 20 second(s) with 500 milliseconds interval)","trace":"org.openqa.selenium.TimeoutException: Expected condition failed: waiting for visibility of element located by By.xpath: //p[contains(text(),'Tên đăng nhập')]/following-sibling::mat-form-field//input (tried for 20 second(s) with 500 milliseconds interval)\r\n\tat org.openqa.selenium.support.ui.WebDriverWait.timeoutException(WebDriverWait.java:95)\r\n\tat org.openqa.selenium.support.ui.FluentWait.until(FluentWait.java:272)\r\n\tat commons.web.BasePage.waitForElementVisible(BasePage.java:468)\r\n\tat pageObjects.web.DangNhapPOWeb.enterToSDTTextbox(DangNhapPOWeb.java:55)\r\n\tat testSuites.web.Tao_Luong_Phe_Duyet.beforeClass(Tao_Luong_Phe_Duyet.java:55)\r\n\tat java.base/jdk.internal.reflect.DirectMethodHandleAccessor.invoke(DirectMethodHandleAccessor.java:103)\r\n\tat java.base/java.lang.reflect.Method.invoke(Method.java:580)\r\n\tat org.testng.internal.MethodInvocationHelper.invokeMethod(MethodInvocationHelper.java:133)\r\n\tat org.testng.internal.MethodInvocationHelper.invokeMethodConsideringTimeout(MethodInvocationHelper.java:62)\r\n\tat org.testng.internal.ConfigInvoker.invokeConfigurationMethod(ConfigInvoker.java:385)\r\n\tat org.testng.internal.ConfigInvoker.invokeConfigurations(ConfigInvoker.java:321)\r\n\tat org.testng.internal.TestMethodWorker.invokeBeforeClassMethods(TestMethodWorker.java:176)\r\n\tat org.testng.internal.TestMethodWorker.run(TestMethodWorker.java:122)\r\n\tat java.base/java.util.ArrayList.forEach(ArrayList.java:1596)\r\n\tat org.testng.TestRunner.privateRun(TestRunner.java:794)\r\n\tat org.testng.TestRunner.run(TestRunner.java:596)\r\n\tat org.testng.SuiteRunner.runTest(SuiteRunner.java:377)\r\n\tat org.testng.SuiteRunner.runSequentially(SuiteRunner.java:371)\r\n\tat org.testng.SuiteRunner.privateRun(SuiteRunner.java:332)\r\n\tat org.testng.SuiteRunner.run(SuiteRunner.java:276)\r\n\tat org.testng.SuiteRunnerWorker.runSuite(SuiteRunnerWorker.java:53)\r\n\tat org.testng.SuiteRunnerWorker.run(SuiteRunnerWorker.java:96)\r\n\tat org.testng.TestNG.runSuitesSequentially(TestNG.java:1212)\r\n\tat org.testng.TestNG.runSuitesLocally(TestNG.java:1134)\r\n\tat org.testng.TestNG.runSuites(TestNG.java:1063)\r\n\tat org.testng.TestNG.run(TestNG.java:1031)\r\n\tat com.intellij.rt.testng.IDEARemoteTestNG.run(IDEARemoteTestNG.java:66)\r\n\tat com.intellij.rt.testng.RemoteTestNGStarter.main(RemoteTestNGStarter.java:105)\r\nCaused by: org.openqa.selenium.NoSuchElementException: no such element: Unable to locate element: {\"method\":\"xpath\",\"selector\":\"//p[contains(text(),'Tên đăng nhập')]/following-sibling::mat-form-field//input\"}\n  (Session info: chrome=130.0.6723.70)\nFor documentation on this error, please visit: https://www.seleniumhq.org/exceptions/no_such_element.html\nBuild info: version: '3.141.59', revision: 'e82be7d358', time: '2018-11-14T08:17:03'\nSystem info: host: 'ADMIN-PC', ip: '192.168.2.77', os.name: 'Windows 11', os.arch: 'amd64', os.version: '10.0', java.version: '21.0.5'\nDriver info: org.openqa.selenium.chrome.ChromeDriver\nCapabilities {acceptInsecureCerts: false, browserName: chrome, browserVersion: 130.0.6723.70, chrome: {chromedriverVersion: 130.0.6723.69 (3ec172b971b9..., userDataDir: C:\\Users\\Admin\\AppData\\Loca...}, fedcm:accounts: true, goog:chromeOptions: {debuggerAddress: localhost:51592}, javascriptEnabled: true, networkConnectionEnabled: false, pageLoadStrategy: normal, platform: WINDOWS, platformName: WINDOWS, proxy: Proxy(), setWindowRect: true, strictFileInteractability: false, timeouts: {implicit: 0, pageLoad: 300000, script: 30000}, unhandledPromptBehavior: dismiss and notify, webauthn:extension:credBlob: true, webauthn:extension:largeBlob: true, webauthn:extension:minPinLength: true, webauthn:extension:prf: true, webauthn:virtualAuthenticators: true}\nSession ID: b50855e89530952a2fa96f86e15ad9c4\n*** Element info: {Using=xpath, value=//p[contains(text(),'Tên đăng nhập')]/following-sibling::mat-form-field//input}\r\n\tat java.base/jdk.internal.reflect.DirectConstructorHandleAccessor.newInstance(DirectConstructorHandleAccessor.java:62)\r\n\tat java.base/java.lang.reflect.Constructor.newInstanceWithCaller(Constructor.java:502)\r\n\tat java.base/java.lang.reflect.Constructor.newInstance(Constructor.java:486)\r\n\tat org.openqa.selenium.remote.http.W3CHttpResponseCodec.createException(W3CHttpResponseCodec.java:187)\r\n\tat org.openqa.selenium.remote.http.W3CHttpResponseCodec.decode(W3CHttpResponseCodec.java:122)\r\n\tat org.openqa.selenium.remote.http.W3CHttpResponseCodec.decode(W3CHttpResponseCodec.java:49)\r\n\tat org.openqa.selenium.remote.HttpCommandExecutor.execute(HttpCommandExecutor.java:158)\r\n\tat org.openqa.selenium.remote.service.DriverCommandExecutor.execute(DriverCommandExecutor.java:83)\r\n\tat org.openqa.selenium.remote.RemoteWebDriver.execute(RemoteWebDriver.java:552)\r\n\tat org.openqa.selenium.remote.RemoteWebDriver.findElement(RemoteWebDriver.java:323)\r\n\tat org.openqa.selenium.remote.RemoteWebDriver.findElementByXPath(RemoteWebDriver.java:428)\r\n\tat org.openqa.selenium.By$ByXPath.findElement(By.java:353)\r\n\tat org.openqa.selenium.remote.RemoteWebDriver.findElement(RemoteWebDriver.java:315)\r\n\tat org.openqa.selenium.support.ui.ExpectedConditions$7.apply(ExpectedConditions.java:205)\r\n\tat org.openqa.selenium.support.ui.ExpectedConditions$7.apply(ExpectedConditions.java:201)\r\n\tat org.openqa.selenium.support.ui.FluentWait.until(FluentWait.java:249)\r\n\t... 26 more\r\n"},"stage":"finished","description":"","steps":[],"attachments":[],"parameters":[],"start":1730195358462,"stop":1730195394646}],"afters":[{"name":"afterClass","status":"passed","stage":"finished","description":"","steps":[],"attachments":[],"parameters":[],"start":1730195394950,"stop":1730195395281}],"start":1730195358380,"stop":1730195395288}