{"uuid":"ccf0291b-8f49-4497-aef2-cff3e18543cc","name":"testSuites.web.Tao_Luong_Phe_Duyet","children":["eed4a2fd-a96c-4b58-a031-5288944608e6","31800991-81ea-45f8-8d80-f1f65131aeca","08a7eb9f-bc60-40db-b7b2-d12fbe5c4e3b","f7611403-8561-40a4-a4a5-e9af76821532","59993415-0485-4769-9ce9-2d3b22ef3e0f","780449fc-bca3-47bf-8b1d-10b28a7e6b67","00443113-8179-4e9a-bc80-634587a3bf25","05be3e8c-74ad-4c81-8cb4-49ad39e46499","9668a70d-162b-43bc-9566-3c2767dfd3ef","04454004-b8e3-4a83-a230-2d80b9ae8888","9c360b47-1385-4124-90c8-a96da747210d","3be26b8a-4126-4fa0-863d-f3120ad088f7","7bcf26ab-1f0f-411e-a7da-058ece00a775","07825b63-8521-4be1-8e5b-9ec60cd3a3c1","7da7ea70-2536-4dd1-bc32-18e9730869c4","0284ea10-b86b-4923-bf7f-1f99115e221e","6c824b72-c71b-4470-b793-58bffd7cabe4","a8f75bbd-1e4e-4bd8-9744-40c6c8961b09","783a941e-832b-446c-8193-949964dcf6a7","33596c6e-4f7a-445f-99a3-c304a12b5211","d449bfee-fcf8-401f-bf97-9c25a8e5da60","b53f54f5-1952-408c-872c-d4cbd120ba67","23144f3c-dd36-4546-bc4e-0b46ced96498","81ace41b-be71-4ce8-81a4-0d16085e551c","9c8cdd0e-e413-4b4a-988c-b9c0621c86ae","16b088c0-d856-4bef-9608-7653a5db8414","5c746fd4-c058-4d9f-8ba6-cf9aab5540aa","8a62f20c-c5a1-4da2-9220-61de2643893c","6f3dacd2-80db-4ff5-9601-d70e9575c74d","3c70fc3b-c512-44e5-97be-bd171164dd7d","34e49d1a-f83a-4aa6-bf2c-b54f36914e9f","b238d3b8-2739-4a7d-817e-2ed354ffa906","ecb120e4-29ef-453d-9aeb-fd71948c3c9e","9fbdeb06-3291-4fb0-977b-dc9bc07bcac0","06a050a9-6738-46c3-a392-d48d03a1badd","b7af4cfa-194a-482a-9ed6-7eb3e0720e75"],"befores":[{"name":"beforeClass","status":"broken","statusDetails":{"known":false,"muted":false,"flaky":false,"message":"Expected condition failed: waiting for visibility of element located by By.xpath: //span[@class='font-normal'] (tried for 20 second(s) with 500 milliseconds interval)","trace":"org.openqa.selenium.TimeoutException: Expected condition failed: waiting for visibility of element located by By.xpath: //span[@class='font-normal'] (tried for 20 second(s) with 500 milliseconds interval)\r\n\tat org.openqa.selenium.support.ui.WebDriverWait.timeoutException(WebDriverWait.java:95)\r\n\tat org.openqa.selenium.support.ui.FluentWait.until(FluentWait.java:272)\r\n\tat commons.web.BasePage.waitForElementVisible(BasePage.java:468)\r\n\tat pageObjects.web.TrangChuPOWeb.userNameText(TrangChuPOWeb.java:18)\r\n\tat testSuites.web.Tao_Luong_Phe_Duyet.beforeClass(Tao_Luong_Phe_Duyet.java:61)\r\n\tat java.base/jdk.internal.reflect.DirectMethodHandleAccessor.invoke(DirectMethodHandleAccessor.java:103)\r\n\tat java.base/java.lang.reflect.Method.invoke(Method.java:580)\r\n\tat org.testng.internal.MethodInvocationHelper.invokeMethod(MethodInvocationHelper.java:133)\r\n\tat org.testng.internal.MethodInvocationHelper.invokeMethodConsideringTimeout(MethodInvocationHelper.java:62)\r\n\tat org.testng.internal.ConfigInvoker.invokeConfigurationMethod(ConfigInvoker.java:385)\r\n\tat org.testng.internal.ConfigInvoker.invokeConfigurations(ConfigInvoker.java:321)\r\n\tat org.testng.internal.TestMethodWorker.invokeBeforeClassMethods(TestMethodWorker.java:176)\r\n\tat org.testng.internal.TestMethodWorker.run(TestMethodWorker.java:122)\r\n\tat java.base/java.util.ArrayList.forEach(ArrayList.java:1596)\r\n\tat org.testng.TestRunner.privateRun(TestRunner.java:794)\r\n\tat org.testng.TestRunner.run(TestRunner.java:596)\r\n\tat org.testng.SuiteRunner.runTest(SuiteRunner.java:377)\r\n\tat org.testng.SuiteRunner.runSequentially(SuiteRunner.java:371)\r\n\tat org.testng.SuiteRunner.privateRun(SuiteRunner.java:332)\r\n\tat org.testng.SuiteRunner.run(SuiteRunner.java:276)\r\n\tat org.testng.SuiteRunnerWorker.runSuite(SuiteRunnerWorker.java:53)\r\n\tat org.testng.SuiteRunnerWorker.run(SuiteRunnerWorker.java:96)\r\n\tat org.testng.TestNG.runSuitesSequentially(TestNG.java:1212)\r\n\tat org.testng.TestNG.runSuitesLocally(TestNG.java:1134)\r\n\tat org.testng.TestNG.runSuites(TestNG.java:1063)\r\n\tat org.testng.TestNG.run(TestNG.java:1031)\r\n\tat com.intellij.rt.testng.IDEARemoteTestNG.run(IDEARemoteTestNG.java:66)\r\n\tat com.intellij.rt.testng.RemoteTestNGStarter.main(RemoteTestNGStarter.java:105)\r\nCaused by: org.openqa.selenium.NoSuchElementException: no such element: Unable to locate element: {\"method\":\"xpath\",\"selector\":\"//span[@class='font-normal']\"}\n  (Session info: chrome=130.0.6723.70)\nFor documentation on this error, please visit: https://www.seleniumhq.org/exceptions/no_such_element.html\nBuild info: version: '3.141.59', revision: 'e82be7d358', time: '2018-11-14T08:17:03'\nSystem info: host: 'ADMIN-PC', ip: '192.168.2.77', os.name: 'Windows 11', os.arch: 'amd64', os.version: '10.0', java.version: '21.0.5'\nDriver info: org.openqa.selenium.chrome.ChromeDriver\nCapabilities {acceptInsecureCerts: false, browserName: chrome, browserVersion: 130.0.6723.70, chrome: {chromedriverVersion: 130.0.6723.69 (3ec172b971b9..., userDataDir: C:\\Users\\Admin\\AppData\\Loca...}, fedcm:accounts: true, goog:chromeOptions: {debuggerAddress: localhost:56207}, javascriptEnabled: true, networkConnectionEnabled: false, pageLoadStrategy: normal, platform: WINDOWS, platformName: WINDOWS, proxy: Proxy(), setWindowRect: true, strictFileInteractability: false, timeouts: {implicit: 0, pageLoad: 300000, script: 30000}, unhandledPromptBehavior: dismiss and notify, webauthn:extension:credBlob: true, webauthn:extension:largeBlob: true, webauthn:extension:minPinLength: true, webauthn:extension:prf: true, webauthn:virtualAuthenticators: true}\nSession ID: f1f11944fe90b7acfda15ab497453eb9\n*** Element info: {Using=xpath, value=//span[@class='font-normal']}\r\n\tat java.base/jdk.internal.reflect.DirectConstructorHandleAccessor.newInstance(DirectConstructorHandleAccessor.java:62)\r\n\tat java.base/java.lang.reflect.Constructor.newInstanceWithCaller(Constructor.java:502)\r\n\tat java.base/java.lang.reflect.Constructor.newInstance(Constructor.java:486)\r\n\tat org.openqa.selenium.remote.http.W3CHttpResponseCodec.createException(W3CHttpResponseCodec.java:187)\r\n\tat org.openqa.selenium.remote.http.W3CHttpResponseCodec.decode(W3CHttpResponseCodec.java:122)\r\n\tat org.openqa.selenium.remote.http.W3CHttpResponseCodec.decode(W3CHttpResponseCodec.java:49)\r\n\tat org.openqa.selenium.remote.HttpCommandExecutor.execute(HttpCommandExecutor.java:158)\r\n\tat org.openqa.selenium.remote.service.DriverCommandExecutor.execute(DriverCommandExecutor.java:83)\r\n\tat org.openqa.selenium.remote.RemoteWebDriver.execute(RemoteWebDriver.java:552)\r\n\tat org.openqa.selenium.remote.RemoteWebDriver.findElement(RemoteWebDriver.java:323)\r\n\tat org.openqa.selenium.remote.RemoteWebDriver.findElementByXPath(RemoteWebDriver.java:428)\r\n\tat org.openqa.selenium.By$ByXPath.findElement(By.java:353)\r\n\tat org.openqa.selenium.remote.RemoteWebDriver.findElement(RemoteWebDriver.java:315)\r\n\tat org.openqa.selenium.support.ui.ExpectedConditions$7.apply(ExpectedConditions.java:205)\r\n\tat org.openqa.selenium.support.ui.ExpectedConditions$7.apply(ExpectedConditions.java:201)\r\n\tat org.openqa.selenium.support.ui.FluentWait.until(FluentWait.java:249)\r\n\t... 26 more\r\n"},"stage":"finished","description":"","steps":[],"attachments":[],"parameters":[],"start":1730256221089,"stop":1730256246276}],"afters":[{"name":"afterClass","status":"passed","stage":"finished","description":"","steps":[],"attachments":[],"parameters":[],"start":1730256246817,"stop":1730256247224}],"start":1730256220987,"stop":1730256247237}